<?xml version="1.0" encoding="UTF-8"?>
<!-- Generated by org.testng.reporters.JUnitReportReporter -->
<testsuite skipped="0" hostname="Mahfuz" name="lesson14.FacebookSignUpTestNG_Test" tests="11" failures="0" timestamp="2022-03-12T13:50:48 EST" time="3.657" errors="0">
  <testcase name="clickCreateAccount" time="0.246" classname="lesson14.FacebookSignUpTestNG_Test"/>
  <system-out/>
  <testcase name="setFirstName" time="1.181" classname="lesson14.FacebookSignUpTestNG_Test"/>
  <system-out/>
  <testcase name="setLastName" time="0.259" classname="lesson14.FacebookSignUpTestNG_Test"/>
  <system-out/>
  <testcase name="setMobileNumber" time="0.368" classname="lesson14.FacebookSignUpTestNG_Test"/>
  <system-out/>
  <testcase name="setPassword" time="0.406" classname="lesson14.FacebookSignUpTestNG_Test"/>
  <system-out/>
  <testcase name="setbirthdayMonth" time="0.256" classname="lesson14.FacebookSignUpTestNG_Test"/>
  <system-out/>
  <testcase name="setDate" time="0.261" classname="lesson14.FacebookSignUpTestNG_Test"/>
  <system-out/>
  <testcase name="setYear" time="0.257" classname="lesson14.FacebookSignUpTestNG_Test"/>
  <system-out/>
  <testcase name="setGender" time="0.138" classname="lesson14.FacebookSignUpTestNG_Test"/>
  <system-out/>
  <testcase name="clickSubmitButton" time="0.196" classname="lesson14.FacebookSignUpTestNG_Test"/>
  <system-out/>
  <testcase name="verifyErrorMessage" time="0.089" classname="lesson14.FacebookSignUpTestNG_Test"/>
  <system-out/>
</testsuite> <!-- lesson14.FacebookSignUpTestNG_Test -->
