<?xml version="1.0" encoding="UTF-8"?>
<!-- Generated by org.testng.reporters.JUnitReportReporter -->
<testsuite skipped="0" hostname="Mahfuz" name="lesson15.DataProviderTest_Swaag" tests="4" failures="0" timestamp="2022-03-12T13:54:42 EST" time="31.027" errors="0">
  <testcase name="loginTest" time="6.805" classname="lesson15.DataProviderTest_Swaag"/>
  <system-out/>
  <testcase name="loginTest" time="11.269" classname="lesson15.DataProviderTest_Swaag"/>
  <system-out/>
  <testcase name="loginTest" time="6.290" classname="lesson15.DataProviderTest_Swaag"/>
  <system-out/>
  <testcase name="loginTest" time="6.663" classname="lesson15.DataProviderTest_Swaag"/>
  <system-out/>
</testsuite> <!-- lesson15.DataProviderTest_Swaag -->
