<?xml version="1.0" encoding="UTF-8"?>
<!-- Generated by org.testng.reporters.JUnitReportReporter -->
<testsuite skipped="0" hostname="Mahfuz" name="lesson17.WordCount" tests="2" failures="0" timestamp="2022-03-19T11:03:52 EDT" time="0.032" errors="0">
  <testcase name="wordCount" time="0.028" classname="lesson17.WordCount"/>
  <system-out/>
  <testcase name="sindWords2" time="0.004" classname="lesson17.WordCount"/>
  <system-out/>
</testsuite> <!-- lesson17.WordCount -->
