<?xml version="1.0" encoding="UTF-8"?>
<!-- Generated by org.testng.reporters.JUnitReportReporter -->
<testsuite skipped="0" hostname="Mahfuz" name="lesson15.DataProviderTest" tests="8" failures="0" timestamp="2022-03-12T13:54:42 EST" time="0.046" errors="0">
  <testcase name="providerTest1" time="0.002" classname="lesson15.DataProviderTest"/>
  <system-out/>
  <testcase name="providerTest1" time="0.002" classname="lesson15.DataProviderTest"/>
  <system-out/>
  <testcase name="providerTest" time="0.019" classname="lesson15.DataProviderTest"/>
  <system-out/>
  <testcase name="providerTest" time="0.002" classname="lesson15.DataProviderTest"/>
  <system-out/>
  <testcase name="providerTest" time="0.015" classname="lesson15.DataProviderTest"/>
  <system-out/>
  <testcase name="providerTest" time="0.002" classname="lesson15.DataProviderTest"/>
  <system-out/>
  <testcase name="providerTest1" time="0.002" classname="lesson15.DataProviderTest"/>
  <system-out/>
  <testcase name="providerTest1" time="0.002" classname="lesson15.DataProviderTest"/>
  <system-out/>
</testsuite> <!-- lesson15.DataProviderTest -->
