<?xml version="1.0" encoding="UTF-8"?>
<!-- Generated by org.testng.reporters.JUnitReportReporter -->
<testsuite skipped="0" hostname="Mahfuz" name="lesson15.FacebookSignUpTestNG_Test" tests="11" failures="0" timestamp="2022-03-12T13:54:42 EST" time="7.573" errors="0">
  <testcase name="clickCreateAccount" time="0.219" classname="lesson15.FacebookSignUpTestNG_Test"/>
  <system-out/>
  <testcase name="setFirstName" time="0.941" classname="lesson15.FacebookSignUpTestNG_Test"/>
  <system-out/>
  <testcase name="setLastName" time="0.353" classname="lesson15.FacebookSignUpTestNG_Test"/>
  <system-out/>
  <testcase name="setMobileNumber" time="0.270" classname="lesson15.FacebookSignUpTestNG_Test"/>
  <system-out/>
  <testcase name="setPassword" time="0.221" classname="lesson15.FacebookSignUpTestNG_Test"/>
  <system-out/>
  <testcase name="setbirthdayMonth" time="0.384" classname="lesson15.FacebookSignUpTestNG_Test"/>
  <system-out/>
  <testcase name="setDate" time="0.313" classname="lesson15.FacebookSignUpTestNG_Test"/>
  <system-out/>
  <testcase name="setYear" time="0.257" classname="lesson15.FacebookSignUpTestNG_Test"/>
  <system-out/>
  <testcase name="setGender" time="0.328" classname="lesson15.FacebookSignUpTestNG_Test"/>
  <system-out/>
  <testcase name="clickSubmitButton" time="0.161" classname="lesson15.FacebookSignUpTestNG_Test"/>
  <system-out/>
  <testcase name="verifyErrorMessage" time="4.126" classname="lesson15.FacebookSignUpTestNG_Test"/>
  <system-out/>
</testsuite> <!-- lesson15.FacebookSignUpTestNG_Test -->
