<?xml version="1.0" encoding="UTF-8"?>
<!-- Generated by org.testng.reporters.JUnitReportReporter -->
<testsuite skipped="0" hostname="Mahfuz" name="lesson15.FibonacciSequence" tests="1" failures="0" timestamp="2022-03-12T13:54:42 EST" time="0.002" errors="0">
  <testcase name="runFibonacciSerie" time="0.002" classname="lesson15.FibonacciSequence"/>
  <system-out/>
</testsuite> <!-- lesson15.FibonacciSequence -->
