<?xml version="1.0" encoding="UTF-8"?>
<!-- Generated by org.testng.reporters.JUnitReportReporter -->
<testsuite skipped="0" hostname="Mahfuz" name="lesson15.FacebookSignUpParallelBrowser" tests="22" failures="0" timestamp="2022-03-12T14:38:39 EST" time="21.428" errors="0">
  <testcase name="clickCreateAccount" time="1.875" classname="lesson15.FacebookSignUpParallelBrowser"/>
  <system-out/>
  <testcase name="clickCreateAccount" time="0.161" classname="lesson15.FacebookSignUpParallelBrowser"/>
  <system-out/>
  <testcase name="setFirstName" time="2.539" classname="lesson15.FacebookSignUpParallelBrowser"/>
  <system-out/>
  <testcase name="setFirstName" time="0.965" classname="lesson15.FacebookSignUpParallelBrowser"/>
  <system-out/>
  <testcase name="setLastName" time="0.453" classname="lesson15.FacebookSignUpParallelBrowser"/>
  <system-out/>
  <testcase name="setLastName" time="0.201" classname="lesson15.FacebookSignUpParallelBrowser"/>
  <system-out/>
  <testcase name="setMobileNumber" time="0.259" classname="lesson15.FacebookSignUpParallelBrowser"/>
  <system-out/>
  <testcase name="setMobileNumber" time="0.316" classname="lesson15.FacebookSignUpParallelBrowser"/>
  <system-out/>
  <testcase name="setPassword" time="0.177" classname="lesson15.FacebookSignUpParallelBrowser"/>
  <system-out/>
  <testcase name="setPassword" time="0.202" classname="lesson15.FacebookSignUpParallelBrowser"/>
  <system-out/>
  <testcase name="setbirthdayMonth" time="0.387" classname="lesson15.FacebookSignUpParallelBrowser"/>
  <system-out/>
  <testcase name="setbirthdayMonth" time="0.205" classname="lesson15.FacebookSignUpParallelBrowser"/>
  <system-out/>
  <testcase name="setDate" time="3.326" classname="lesson15.FacebookSignUpParallelBrowser"/>
  <system-out/>
  <testcase name="setDate" time="0.285" classname="lesson15.FacebookSignUpParallelBrowser"/>
  <system-out/>
  <testcase name="setYear" time="0.268" classname="lesson15.FacebookSignUpParallelBrowser"/>
  <system-out/>
  <testcase name="setYear" time="0.257" classname="lesson15.FacebookSignUpParallelBrowser"/>
  <system-out/>
  <testcase name="setGender" time="0.163" classname="lesson15.FacebookSignUpParallelBrowser"/>
  <system-out/>
  <testcase name="setGender" time="0.172" classname="lesson15.FacebookSignUpParallelBrowser"/>
  <system-out/>
  <testcase name="clickSubmitButton" time="0.142" classname="lesson15.FacebookSignUpParallelBrowser"/>
  <system-out/>
  <testcase name="clickSubmitButton" time="0.135" classname="lesson15.FacebookSignUpParallelBrowser"/>
  <system-out/>
  <testcase name="verifyErrorMessage" time="4.257" classname="lesson15.FacebookSignUpParallelBrowser"/>
  <system-out/>
  <testcase name="verifyErrorMessage" time="4.683" classname="lesson15.FacebookSignUpParallelBrowser"/>
  <system-out/>
</testsuite> <!-- lesson15.FacebookSignUpParallelBrowser -->
