<?xml version="1.0" encoding="UTF-8"?>
<!-- Generated by org.testng.reporters.JUnitReportReporter -->
<testsuite skipped="0" hostname="Mahfuz" name="lesson13.TestNG1" tests="1" failures="0" timestamp="2022-03-05T15:28:05 EST" time="0.026" errors="0">
  <testcase name="test1" time="0.026" classname="lesson13.TestNG1"/>
  <system-out/>
</testsuite> <!-- lesson13.TestNG1 -->
