<?xml version="1.0" encoding="UTF-8"?>
<!-- Generated by org.testng.reporters.JUnitReportReporter -->
<testsuite skipped="0" hostname="Mahfuz" name="lesson14.Annotations" tests="3" failures="0" timestamp="2022-03-06T12:18:00 EST" time="0.032" errors="0">
  <testcase name="test2" time="0.007" classname="lesson14.Annotations"/>
  <system-out/>
  <testcase name="test1" time="0.020" classname="lesson14.Annotations"/>
  <system-out/>
  <testcase name="test3" time="0.005" classname="lesson14.Annotations"/>
  <system-out/>
</testsuite> <!-- lesson14.Annotations -->
